Diagnose log at 2025-12-11T16:08:42Z

AppPath: C:\Program Files\Git\mingw64\bin\git-credential-manager.exe
InstallDir: C:\Program Files\Git\mingw64\bin\
Version: 2.6.1+786ab03440ddc82e807a97c0e540f5247e44cec6

------------
Diagnostic: Environment
Skipped: False
Success: True
Exception: None
Log:
OSType: Windows
OSVersion: 10.0 (build 26200)
Reading environment variables... OK
 Variables:
HOMEPATH=\Users\mdsng
DriverData=C:\Windows\System32\Drivers\DriverData
COMPUTERNAME=MDSNG
MSMPI_BIN=C:\Program Files\Microsoft MPI\Bin\
GIT_TRACE2_PARENT_SID=f334064d-df3b-4740-b1ed-40992706ecce
CommonProgramFiles(x86)=C:\Program Files (x86)\Common Files
OneDrive=C:\Users\mdsng\OneDrive
ChocolateyLastPathUpdate=134008449731425680
PyCharm=C:\Program Files\JetBrains\PyCharm 2025.2.1.1\bin
SESSIONNAME=Console
TMP=C:\Users\mdsng\AppData\Local\Temp
PROCESSOR_REVISION=6801
USERDOMAIN_ROAMINGPROFILE=MDSNG
PATHEXT=.COM;.EXE;.BAT;.CMD;.VBS;.VBE;.JS;.JSE;.WSF;.WSH;.MSC;.CPL
GIT_ASKPASS=c:\Users\mdsng\AppData\Local\Programs\Microsoft VS Code\resources\app\extensions\git\dist\askpass.sh
GIT_EXEC_PATH=C:/Program Files/Git/mingw64/libexec/git-core
TEMP=C:\Users\mdsng\AppData\Local\Temp
LOCALAPPDATA=C:\Users\mdsng\AppData\Local
MSYSTEM=MINGW64
TERM=xterm-256color
EFC_9532_3789132940=1
ProgramW6432=C:\Program Files
USERDOMAIN=MDSNG
EFC_9532_1592913036=1
MSMPI_BENCHMARKS=C:\Program Files\Microsoft MPI\Benchmarks\
Path=C:/Program Files/Git/mingw64/libexec/git-core;C:\Program Files\Git\mingw64\bin;C:\Program Files\Git\usr\bin;C:\Users\mdsng\bin;C:\Program Files\Microsoft MPI\Bin\;C:\Program Files (x86)\Common Files\Oracle\Java\java8path;C:\Program Files (x86)\Common Files\Oracle\Java\javapath;C:\WINDOWS\system32;C:\WINDOWS;C:\WINDOWS\System32\Wbem;C:\WINDOWS\System32\WindowsPowerShell\v1.0\;C:\WINDOWS\System32\OpenSSH\;C:\Program Files\Docker\Docker\resources\bin;C:\Program Files (x86)\Microsoft SQL Server\160\Tools\Binn\;C:\Program Files\Microsoft SQL Server\160\Tools\Binn\;C:\Program Files\Microsoft SQL Server\Client SDK\ODBC\170\Tools\Binn\;C:\Program Files\Microsoft SQL Server\160\DTS\Binn\;C:\Program Files\Git\cmd;C:\Program Files\nodejs\;C:\ProgramData\chocolatey\bin;C:\Users\mdsng\AppData\Local\Programs\Python\Python311\Scripts\;C:\Users\mdsng\AppData\Local\Programs\Python\Python311\;C:\Users\mdsng\AppData\Local\Programs\Python\Launcher\;C:\Users\mdsng\AppData\Local\Microsoft\WindowsApps;C:\Users\mdsng\AppData\Roaming\npm;C:\Users\mdsng\AppData\Local\Programs\Microsoft VS Code\bin;C:\Program Files\JetBrains\PyCharm 2025.2.1.1\bin
TERM_PROGRAM=vscode
PROCESSOR_LEVEL=23
PROCESSOR_IDENTIFIER=AMD64 Family 23 Model 104 Stepping 1, AuthenticAMD
TMPDIR=C:\Users\mdsng\AppData\Local\Temp
VSCODE_GIT_ASKPASS_EXTRA_ARGS=
TERM_PROGRAM_VERSION=1.90.0
VSCODE_GIT_ASKPASS_MAIN=c:\Users\mdsng\AppData\Local\Programs\Microsoft VS Code\resources\app\extensions\git\dist\askpass-main.js
ProgramFiles(x86)=C:\Program Files (x86)
PUBLIC=C:\Users\Public
NUMBER_OF_PROCESSORS=16
CommonProgramFiles=C:\Program Files (x86)\Common Files
VSCODE_INJECTION=1
VSCODE_GIT_IPC_HANDLE=\\.\pipe\vscode-git-bd433e0bf4-sock
CHROME_CRASHPAD_PIPE_NAME=\\.\pipe\crashpad_14420_DWAHIOELYIAZVLZM
PLINK_PROTOCOL=ssh
ProgramData=C:\ProgramData
ProgramFiles=C:\Program Files (x86)
EFC_9532_1262719628=1
ChocolateyInstall=C:\ProgramData\chocolatey
VSCODE_GIT_ASKPASS_NODE=C:\Users\mdsng\AppData\Local\Programs\Microsoft VS Code\Code.exe
SystemRoot=C:\WINDOWS
ORIGINAL_XDG_CURRENT_DESKTOP=undefined
HOME=C:\Users\mdsng
CommonProgramW6432=C:\Program Files\Common Files
LOGONSERVER=\\MDSNG
USERPROFILE=C:\Users\mdsng
EFC_9532_2283032206=1
COLORTERM=truecolor
EFC_9532_2775293581=1
APPDATA=C:\Users\mdsng\AppData\Roaming
HOMEDRIVE=C:
PSModulePath=C:\Users\mdsng\OneDrive\Documents\WindowsPowerShell\Modules;C:\Program Files\WindowsPowerShell\Modules;C:\WINDOWS\system32\WindowsPowerShell\v1.0\Modules;C:\Program Files (x86)\Microsoft SQL Server\160\Tools\PowerShell\Modules\
USERNAME=mdsng
PROCESSOR_ARCHITEW6432=AMD64
PROCESSOR_ARCHITECTURE=x86
OS=Windows_NT
ComSpec=C:\WINDOWS\system32\cmd.exe
SystemDrive=C:
windir=C:\WINDOWS
LANG=en_US.UTF-8
ALLUSERSPROFILE=C:\ProgramData


------------
Diagnostic: File system
Skipped: False
Success: True
Exception: None
Log:
Temporary directory is 'C:\Users\mdsng\AppData\Local\Temp\'...
Checking basic file I/O...
Writing to temporary file 'C:\Users\mdsng\AppData\Local\Temp\36614e3b92f481801f1a0396'... OK
Reading from temporary file 'C:\Users\mdsng\AppData\Local\Temp\36614e3b92f481801f1a0396'... OK
Deleting temporary file 'C:\Users\mdsng\AppData\Local\Temp\36614e3b92f481801f1a0396'... OK
Testing IFileSystem instance...
UserHomePath: C:\Users\mdsng
UserDataDirectoryPath: C:\Users\mdsng\.gcm
GetCurrentDirectory(): D:\Way to Denmark\Projects\Sinhala-call-center-assistant-for-Sri-Lanka-telecommunication-industry

------------
Diagnostic: Networking
Skipped: False
Success: True
Exception: None
Log:
Checking networking and HTTP stack...
Creating HTTP client... OK
IsNetworkAvailable: True
Sending HEAD request to http://example.com...Sending HEAD request to https://example.com... OK
 OK
Acquiring free TCP port... OK
Testing local HTTP loopback connections...
Creating new HTTP listener for http://localhost:55187/... OK
Waiting for loopback connection... OK
Writing response... OK
Waiting for response data... OK
Loopback connection data OK

------------
Diagnostic: Git
Skipped: False
Success: True
Exception: None
Log:
Getting Git version... OK
Git version is '2.51.0.windows.1'
Locating current repository...Git repository at 'D:\Way to Denmark\Projects\Sinhala-call-center-assistant-for-Sri-Lanka-telecommunication-industry/.git'
 OK
Listing all Git configuration... OK
Git configuration:
file:C:/Program Files/Git/etc/gitconfig	diff.astextplain.textconv=astextplain
file:C:/Program Files/Git/etc/gitconfig	filter.lfs.clean=git-lfs clean -- %f
file:C:/Program Files/Git/etc/gitconfig	filter.lfs.smudge=git-lfs smudge -- %f
file:C:/Program Files/Git/etc/gitconfig	filter.lfs.process=git-lfs filter-process
file:C:/Program Files/Git/etc/gitconfig	filter.lfs.required=true
file:C:/Program Files/Git/etc/gitconfig	http.sslbackend=schannel
file:C:/Program Files/Git/etc/gitconfig	core.autocrlf=true
file:C:/Program Files/Git/etc/gitconfig	core.fscache=true
file:C:/Program Files/Git/etc/gitconfig	core.symlinks=false
file:C:/Program Files/Git/etc/gitconfig	pull.rebase=false
file:C:/Program Files/Git/etc/gitconfig	credential.helper=manager
file:C:/Program Files/Git/etc/gitconfig	credential.https://dev.azure.com.usehttppath=true
file:C:/Program Files/Git/etc/gitconfig	init.defaultbranch=master
file:C:/Users/mdsng/.gitconfig	user.email=mdsngunathilaka@gmail.com
file:C:/Users/mdsng/.gitconfig	user.name=Sheha1218
file:C:/Users/mdsng/.gitconfig	http.postbuffer=524288000
file:C:/Users/mdsng/.gitconfig	filter.lfs.required=true
file:C:/Users/mdsng/.gitconfig	filter.lfs.clean=git-lfs clean -- %f
file:C:/Users/mdsng/.gitconfig	filter.lfs.smudge=git-lfs smudge -- %f
file:C:/Users/mdsng/.gitconfig	filter.lfs.process=git-lfs filter-process
file:.git/config	core.repositoryformatversion=0
file:.git/config	core.filemode=false
file:.git/config	core.bare=false
file:.git/config	core.logallrefupdates=true
file:.git/config	core.symlinks=false
file:.git/config	core.ignorecase=true
file:.git/config	branch.main.vscode-merge-base=origin/main
file:.git/config	branch.main.remote=origin
file:.git/config	branch.main.merge=refs/heads/main
file:.git/config	remote.origin.url=https://github.com/Sheha1218/Sinhala-call-center-assistant-for-Sri-Lanka-telecommunication-industry.git
file:.git/config	remote.origin.fetch=+refs/heads/*:refs/remotes/origin/*


------------
Diagnostic: Credential storage
Skipped: False
Success: True
Exception: None
Log:
ICredentialStore instance is of type: CredentialStore
Writing test credential... OK
Reading test credential... OK
Deleting test credential... OK

------------
Diagnostic: Microsoft authentication (AAD/MSA)
Skipped: False
Success: True
Exception: None
Log:
Broker is not enabled.
Flow type is: Auto
Gathering MSAL token cache data... OK
CacheDirectory: C:\Users\mdsng\AppData\Local\.IdentityService
CacheFileName: msal.cache
CacheFilePath: C:\Users\mdsng\AppData\Local\.IdentityService\msal.cache
Creating cache helper... OK
Verifying MSAL token cache persistence... OK

------------
Diagnostic: GitHub API
Skipped: False
Success: True
Exception: None
Log:
Using 'https://github.com/' as API target.
Querying '/meta' endpoint... OK

